k_Boltz   = 1.380651e-23   	 (J/K) 
h_Planck  = 6.626074e-34   	 (J*s) 
c_light   = 7.251633e-07   	 (cm/aut)    
R         = 8.314470e+00   	 (J/K*mol) 
N_avog    = 6.022137e+23   	 (molecules) 
 
Deb2eA    = 2.081943e-01   	 (Debye) => (e*Angstrom) 
 
kJ2kcal =  0.23901
Eh2kcal =  627.51
Eh2kJ =  2625.5
Eh2eV =  27.211
Eh2MHz =    6.5797e+09
Eh2kT =  315773
cm2eV =    1.2398e-04
cm2Eh =    4.5563e-06
kT2Eh =    3.1668e-06
bohr2A =  0.52918
HMass =  1836.2
amu =  1822.9
au2fs =  0.024189

 Convert wavenumbers(cm-1) to  period(fs):    t(fs) = wave2fs/w(cm-1)  

 Convert   energy (eV) to wavelength (nm):    l(nm) = eV2nm/En(eV)  

 interpolation(x,xyp0,xyp1) usage:  
     x     - any number between x0, and x1 
     xyp0  = [x0, y0, y'0] 
     xyp1  = [x1, y1, y'1] 
 
mN =  14.007
Natoms =  9
mass = [](0x0)
Nmodes =  21
============= IR analysis ===========
   mode       Freq(cm)        reduced_mass        IR_intensity 
      1           270.469          1.081890          7.476998 
      2           336.632          1.114156        176.057916 
      3           423.348          2.845171         10.909684 
      4           891.346          1.087430          5.058780 
      5           933.252          2.890062         11.455746 
      6          1110.063          4.381171         42.012563 
      7          1155.711          1.220529         87.668023 
      8          1233.697          1.629573          7.104775 
      9          1411.416          1.343807         16.868139 
     10          1495.525          1.164134         13.537495 
     11          1536.902          1.248656         27.994121 
     12          1571.472          1.201789          8.529273 
     13          1662.743          1.043951          7.556548 
     14          1670.529          1.040102          3.013096 
     15          1693.274          1.091522          0.463066 
     16          3188.458          1.064137         60.850101 
     17          3197.225          1.045370         18.367133 
     18          3246.972          1.095244         15.584733 
     19          3276.087          1.098497         27.585866 
     20          3289.644          1.097506         51.724347 
     21          3858.185          1.066725          6.722493 
============================ CUT HERE: ==============================
 Freqs in  (cm-1) 
 Reduced masses  in (amu) 
 force constant in (a.u) 
 IR innensities in (arbitrary units) 
----------------
Mode:                 1                      2                      3  
Frequency:       270.47                 336.63                 423.35    
Force Cnst:      0.0030                 0.0048                 0.0193    
Red. Mass:       1.0819                 1.1142                 2.8452    
IR Active:          yes                    yes                    yes 
IR Intens:        7.477                176.058                 10.910    
Raman Active:       yes                    yes                    yes 
              X      Y      Z        X      Y      Z        X      Y      Z           
  H        0.001  0.034  0.566   -0.003 -0.048 -0.137   -0.056 -0.409  0.045  
  C        0.002 -0.003 -0.004    0.015 -0.014 -0.021    0.216 -0.039  0.010  
  H       -0.300  0.340 -0.271    0.116 -0.039 -0.011    0.480 -0.096  0.036  
  C        0.001 -0.004 -0.060    0.001  0.019  0.047    0.009  0.191 -0.030  
  O        0.001  0.016  0.044    0.023  0.037 -0.052   -0.220 -0.104  0.021  
  H        0.016 -0.077 -0.103   -0.028  0.082  0.085    0.076  0.154 -0.047  
  H       -0.070 -0.168  0.203   -0.576 -0.605  0.476   -0.262  0.058 -0.124  
  H       -0.013  0.059 -0.114    0.004 -0.043  0.100    0.054  0.180 -0.024  
  H        0.314 -0.373 -0.219   -0.071  0.012 -0.006    0.532 -0.051  0.011  
TransDip   0.000  0.000  0.000    0.000  0.000  0.000    0.000  0.000  0.000           
 
Mode:                 4                      5                      6  
Frequency:       891.35                 933.25                1110.06    
Force Cnst:      0.0327                 0.0953                 0.2043    
Red. Mass:       1.0874                 2.8901                 4.3812    
IR Active:          yes                    yes                    yes 
IR Intens:        5.059                 11.456                 42.013    
Raman Active:       yes                    yes                    yes 
              X      Y      Z        X      Y      Z        X      Y      Z           
  H        0.008  0.025  0.175    0.597  0.514 -0.054   -0.145 -0.163  0.009  
  C       -0.002 -0.003 -0.041    0.258  0.060  0.002    0.118  0.197 -0.020  
  H       -0.324 -0.258  0.209   -0.076  0.154 -0.048    0.407  0.143  0.012  
  C        0.002 -0.005 -0.072   -0.054 -0.226  0.023   -0.408 -0.011 -0.009  
  O       -0.005  0.004  0.015   -0.155  0.097 -0.022    0.212 -0.134  0.023  
  H        0.184  0.428  0.203   -0.231 -0.151  0.049   -0.366 -0.036 -0.003  
  H        0.091 -0.067  0.086    0.045  0.017  0.077    0.119 -0.137 -0.011  
  H       -0.195 -0.383  0.272   -0.174 -0.204  0.015   -0.343 -0.047  0.010  
  H        0.322  0.287  0.151   -0.127  0.099  0.010    0.410  0.155 -0.043  
TransDip   0.000  0.000  0.000    0.000  0.000  0.000    0.000  0.000  0.000           
 
Mode:                 7                      8                      9  
Frequency:      1155.71                1233.70                1411.42    
Force Cnst:      0.0617                 0.0939                 0.1013    
Red. Mass:       1.2205                 1.6296                 1.3438    
IR Active:          yes                    yes                    yes 
IR Intens:       87.668                  7.105                 16.868    
Raman Active:       yes                    yes                    yes 
              X      Y      Z        X      Y      Z        X      Y      Z           
  H        0.242  0.233  0.085   -0.322 -0.287  0.153    0.074  0.080  0.196  
  C        0.035 -0.065 -0.047   -0.040  0.100 -0.073    0.008 -0.035 -0.113  
  H       -0.383 -0.126  0.047    0.140 -0.166  0.140   -0.269 -0.226  0.086  
  C       -0.022  0.060  0.048    0.035 -0.141  0.107   -0.019  0.053  0.109  
  O        0.052 -0.032  0.014   -0.025  0.062 -0.030   -0.016 -0.015 -0.023  
  H        0.111 -0.164 -0.078    0.405 -0.404 -0.028   -0.425 -0.154 -0.041  
  H       -0.531  0.219 -0.267   -0.193  0.109 -0.081    0.385 -0.183  0.171  
  H       -0.379  0.258 -0.102   -0.055  0.104 -0.103    0.457  0.240 -0.074  
  H       -0.046  0.146  0.080    0.488  0.152 -0.011    0.160  0.262  0.076  
TransDip   0.000  0.000  0.000    0.000  0.000  0.000    0.000  0.000  0.000           
 
Mode:                10                     11                     12  
Frequency:      1495.52                1536.90                1571.47    
Force Cnst:      0.0985                 0.1116                 0.1123    
Red. Mass:       1.1641                 1.2487                 1.2018    
IR Active:          yes                    yes                    yes 
IR Intens:       13.537                 27.994                  8.529    
Raman Active:       yes                    yes                    yes 
              X      Y      Z        X      Y      Z        X      Y      Z           
  H       -0.063 -0.053 -0.015    0.057 -0.005 -0.014   -0.334 -0.484  0.120  
  C       -0.008  0.025 -0.024    0.039 -0.036  0.006    0.110  0.073 -0.013  
  H       -0.020 -0.067  0.043   -0.142  0.051 -0.050   -0.444 -0.170  0.212  
  C        0.026 -0.052 -0.050   -0.134  0.003 -0.013    0.012 -0.003  0.001  
  O        0.023  0.018  0.066    0.008  0.022  0.007   -0.003 -0.003 -0.002  
  H       -0.544  0.105  0.007    0.650 -0.018  0.019   -0.047  0.025  0.016  
  H       -0.520  0.265 -0.213   -0.094  0.056 -0.037    0.034 -0.012  0.011  
  H        0.468 -0.214  0.049    0.694 -0.083  0.012   -0.071  0.029 -0.023  
  H        0.112  0.003 -0.035   -0.144  0.040  0.042   -0.535 -0.171 -0.158  
TransDip   0.000  0.000  0.000    0.000  0.000  0.000    0.000  0.000  0.000           
 
Mode:                13                     14                     15  
Frequency:      1662.74                1670.53                1693.27    
Force Cnst:      0.1092                 0.1098                 0.1184    
Red. Mass:       1.0440                 1.0401                 1.0915    
IR Active:          yes                    yes                    yes 
IR Intens:        7.557                  3.013                  0.463    
Raman Active:       yes                    yes                    yes 
              X      Y      Z        X      Y      Z        X      Y      Z           
  H        0.021  0.075  0.701   -0.200 -0.306 -0.028   -0.055 -0.089  0.028  
  C       -0.008 -0.012 -0.049    0.025 -0.039  0.005    0.002 -0.018 -0.000  
  H        0.503 -0.096  0.016   -0.143  0.463 -0.393    0.007  0.151 -0.137  
  C        0.001 -0.001 -0.024    0.025  0.008  0.001   -0.001 -0.085  0.004  
  O        0.001  0.002  0.005   -0.002  0.003  0.000    0.004 -0.004  0.003  
  H        0.017  0.002 -0.022   -0.087 -0.188 -0.109   -0.001  0.568  0.362  
  H       -0.048  0.021 -0.019   -0.005  0.013 -0.008   -0.028  0.007 -0.011  
  H       -0.015 -0.072  0.032   -0.068 -0.165  0.142    0.019  0.478 -0.457  
  H       -0.426  0.197  0.084   -0.055  0.510  0.320   -0.019  0.181  0.116  
TransDip   0.000  0.000  0.000    0.000  0.000  0.000    0.000  0.000  0.000           
 
Mode:                16                     17                     18  
Frequency:      3188.46                3197.23                3246.97    
Force Cnst:      0.4094                 0.4044                 0.4370    
Red. Mass:       1.0641                 1.0454                 1.0952    
IR Active:          yes                    yes                    yes 
IR Intens:       60.850                 18.367                 15.585    
Raman Active:       yes                    yes                    yes 
              X      Y      Z        X      Y      Z        X      Y      Z           
  H        0.227 -0.186  0.006   -0.305  0.239 -0.010    0.524 -0.396  0.043  
  C       -0.021 -0.011 -0.017    0.029  0.033  0.012   -0.041  0.047  0.059  
  H        0.014  0.261  0.309   -0.026 -0.418 -0.504   -0.037 -0.370 -0.443  
  C       -0.004 -0.042  0.050   -0.004 -0.026  0.026   -0.001 -0.013 -0.022  
  O        0.001 -0.000 -0.000    0.001 -0.000 -0.000    0.000  0.000  0.000  
  H        0.040  0.415 -0.729    0.026  0.234 -0.410   -0.002 -0.026  0.033  
  H       -0.002  0.002  0.004    0.002 -0.001 -0.000    0.002 -0.005 -0.006  
  H        0.003  0.085  0.129    0.003  0.075  0.103    0.010  0.192  0.229  
  H       -0.000  0.060 -0.107   -0.001 -0.206  0.367   -0.005  0.204 -0.303  
TransDip   0.000  0.000  0.000    0.000  0.000  0.000    0.000  0.000  0.000           
 
Mode:                19                     20                     21  
Frequency:      3276.09                3289.64                3858.18    
Force Cnst:      0.4462                 0.4495                 0.6009    
Red. Mass:       1.0985                 1.0975                 1.0667    
IR Active:          yes                    yes                    yes 
IR Intens:       27.586                 51.724                  6.722    
Raman Active:       yes                    yes                    yes 
              X      Y      Z        X      Y      Z        X      Y      Z           
  H        0.461 -0.344  0.010    0.004 -0.007 -0.009   -0.002  0.001  0.000  
  C       -0.036  0.057 -0.054   -0.001  0.004 -0.040    0.000  0.000  0.000  
  H       -0.009  0.031  0.007    0.015  0.158  0.174    0.002  0.000 -0.001  
  C        0.001  0.022  0.017   -0.002 -0.039 -0.071   -0.002 -0.001 -0.004  
  O        0.000 -0.001 -0.000    0.000  0.001  0.002    0.006 -0.043 -0.045  
  H       -0.005 -0.025  0.051   -0.016 -0.112  0.168   -0.002 -0.002  0.007  
  H        0.003  0.006  0.007   -0.005 -0.013 -0.022   -0.069  0.669  0.737  
  H       -0.015 -0.220 -0.262    0.044  0.561  0.663    0.001  0.015  0.020  
  H       -0.020 -0.372  0.633   -0.008 -0.195  0.316    0.000 -0.001  0.000  
TransDip   0.000  0.000  0.000    0.000  0.000  0.000    0.000  0.000  0.000           
 
