    0.0982505633    0.0000000000   -0.0000000000   -0.0491252839
   -0.0000000000    0.0000000000   -0.0491252794    0.0000000000
   -0.0000000000
   -0.0000000000    0.0982505647    0.0000000000    0.0000000000
   -0.0491252846    0.0000000000   -0.0000000000   -0.0491252801
   -0.0000000000
   -0.0000000000   -0.0000000000    1.8978182914    0.0000000000
    0.0000000000   -0.9489091445   -0.0000000000   -0.0000000000
   -0.9489091469
   -0.0491252840    0.0000000000   -0.0000000000    0.0245681138
   -0.0000000000   -0.0000000000    0.0245571702   -0.0000000000
    0.0000000000
   -0.0000000000   -0.0491252847    0.0000000000    0.0000000000
    0.0245681145   -0.0000000000    0.0000000000    0.0245571702
    0.0000000000
    0.0000000000   -0.0000000000   -0.9489091470   -0.0000000000
    0.0000000000    1.0369494433    0.0000000000    0.0000000000
   -0.0880402963
   -0.0491252795    0.0000000000    0.0000000000    0.0245571702
   -0.0000000000    0.0000000000    0.0245681093    0.0000000000
   -0.0000000000
    0.0000000000   -0.0491252802    0.0000000000   -0.0000000000
    0.0245571702    0.0000000000    0.0000000000    0.0245681100
   -0.0000000000
   -0.0000000000    0.0000000000   -0.9489091492    0.0000000000
    0.0000000000   -0.0880402963   -0.0000000000   -0.0000000000
    1.0369494455
